<?xml version="1.0" encoding="UTF-8"?>
<!-- Generated by org.testng.reporters.JUnitXMLReporter -->
<testsuite ignored="0" hostname="DELL-G7-7588" failures="0" tests="2" name="Error Validations Test" time="24.026" errors="0" timestamp="2023-07-04T12:20:24 BRT">
  <testcase classname="rahulshettyacademy.tests.ErrorValidationsTest" name="LoginErrorValidation" time="0.939"/>
  <testcase classname="rahulshettyacademy.tests.ErrorValidationsTest" name="ProductErrorValidation" time="3.913"/>
</testsuite> <!-- Error Validations Test -->
