<?xml version="1.0" encoding="UTF-8"?>
<!-- Generated by org.testng.reporters.JUnitXMLReporter -->
<testsuite ignored="0" hostname="DELL-G7-7588" failures="0" tests="3" name="Submit Order Test" time="37.507" errors="0" timestamp="2023-07-04T12:20:37 BRT">
  <testcase classname="rahulshettyacademy.tests.SubmitOrderTest" name="SubmitOrder" time="5.636"/>
  <testcase classname="rahulshettyacademy.tests.SubmitOrderTest" name="SubmitOrder" time="4.898"/>
  <testcase classname="rahulshettyacademy.tests.SubmitOrderTest" name="OrderHistoryTest" time="1.424"/>
</testsuite> <!-- Submit Order Test -->
